app/build/intermediates/manifest_merge_blame_file/debug/manifest-merger-blame-debug-report.txt
1<?xml version="1.0" encoding="utf-8"?>
2<manifest xmlns:android="http://schemas.android.com/apk/res/android"
3    package="com.app.thecity"
4    android:versionCode="733"
5    android:versionName="7.3" >
6
7    <uses-sdk
8        android:minSdkVersion="21"
8-->src\main\AndroidManifest.xml
9        android:targetSdkVersion="34" />
9-->src\main\AndroidManifest.xml
10
11    <uses-permission android:name="android.permission.INTERNET" />
11-->src\main\AndroidManifest.xml:6:5-67
11-->src\main\AndroidManifest.xml:6:22-64
12    <uses-permission android:name="android.permission.ACCESS_NETWORK_STATE" />
12-->src\main\AndroidManifest.xml:7:5-79
12-->src\main\AndroidManifest.xml:7:22-76
13    <uses-permission android:name="android.permission.ACCESS_WIFI_STATE" />
13-->src\main\AndroidManifest.xml:8:5-76
13-->src\main\AndroidManifest.xml:8:22-73
14    <uses-permission android:name="com.google.android.c2dm.permission.RECEIVE" />
14-->src\main\AndroidManifest.xml:9:5-82
14-->src\main\AndroidManifest.xml:9:22-79
15    <uses-permission android:name="android.permission.VIBRATE" />
15-->src\main\AndroidManifest.xml:10:5-66
15-->src\main\AndroidManifest.xml:10:22-63
16    <uses-permission android:name="android.permission.ACCESS_FINE_LOCATION" />
16-->src\main\AndroidManifest.xml:11:5-79
16-->src\main\AndroidManifest.xml:11:22-76
17    <uses-permission android:name="android.permission.ACCESS_COARSE_LOCATION" />
17-->src\main\AndroidManifest.xml:12:5-81
17-->src\main\AndroidManifest.xml:12:22-78
18    <uses-permission android:name="com.google.android.providers.gsf.permission.READ_GSERVICES" />
18-->src\main\AndroidManifest.xml:13:5-98
18-->src\main\AndroidManifest.xml:13:22-95
19    <uses-permission android:name="android.permission.POST_NOTIFICATIONS" />
19-->src\main\AndroidManifest.xml:14:5-77
19-->src\main\AndroidManifest.xml:14:22-74
20
21    <uses-feature android:name="android.hardware.location.gps" />
21-->src\main\AndroidManifest.xml:16:5-66
21-->src\main\AndroidManifest.xml:16:19-63
22
23    <uses-permission android:name="android.permission.Ad_ID" />
23-->[com.github.dream-space:dreamspace-ads-sdk:3.0.1-custom] AndroidManifest.xml:11:5-64
23-->[com.github.dream-space:dreamspace-ads-sdk:3.0.1-custom] AndroidManifest.xml:11:22-61
24    <uses-permission android:name="com.google.android.gms.permission.AD_ID" />
24-->[com.github.dream-space:dreamspace-ads-sdk:3.0.1-custom] AndroidManifest.xml:12:5-79
24-->[com.github.dream-space:dreamspace-ads-sdk:3.0.1-custom] AndroidManifest.xml:12:22-76
25    <uses-permission android:name="android.permission.WAKE_LOCK" />
25-->[com.google.firebase:firebase-messaging:23.1.2] AndroidManifest.xml:26:5-68
25-->[com.google.firebase:firebase-messaging:23.1.2] AndroidManifest.xml:26:22-65
26
27    <uses-feature
27-->[com.google.android.gms:play-services-maps:18.2.0] AndroidManifest.xml:26:5-28:35
28        android:glEsVersion="0x00020000"
28-->[com.google.android.gms:play-services-maps:18.2.0] AndroidManifest.xml:27:9-41
29        android:required="true" />
29-->[com.google.android.gms:play-services-maps:18.2.0] AndroidManifest.xml:28:9-32
30
31    <queries>
31-->[com.google.android.gms:play-services-maps:18.2.0] AndroidManifest.xml:30:5-34:15
32
33        <!-- Needs to be explicitly declared on Android R+ -->
34        <package android:name="com.google.android.apps.maps" />
34-->[com.google.android.gms:play-services-maps:18.2.0] AndroidManifest.xml:33:9-64
34-->[com.google.android.gms:play-services-maps:18.2.0] AndroidManifest.xml:33:18-61
35        <!-- For browser content -->
36        <intent>
36-->[com.google.android.gms:play-services-ads-lite:22.5.0] AndroidManifest.xml:38:9-44:18
37            <action android:name="android.intent.action.VIEW" />
37-->[com.google.android.gms:play-services-ads-lite:22.5.0] AndroidManifest.xml:39:13-65
37-->[com.google.android.gms:play-services-ads-lite:22.5.0] AndroidManifest.xml:39:21-62
38
39            <category android:name="android.intent.category.BROWSABLE" />
39-->[com.google.android.gms:play-services-ads-lite:22.5.0] AndroidManifest.xml:41:13-74
39-->[com.google.android.gms:play-services-ads-lite:22.5.0] AndroidManifest.xml:41:23-71
40
41            <data android:scheme="https" />
41-->[com.google.android.gms:play-services-ads-lite:22.5.0] AndroidManifest.xml:43:13-44
41-->[com.google.android.gms:play-services-ads-lite:22.5.0] AndroidManifest.xml:43:19-41
42        </intent> <!-- End of browser content -->
43        <!-- For CustomTabsService -->
44        <intent>
44-->[com.google.android.gms:play-services-ads-lite:22.5.0] AndroidManifest.xml:47:9-49:18
45            <action android:name="android.support.customtabs.action.CustomTabsService" />
45-->[com.google.android.gms:play-services-ads-lite:22.5.0] AndroidManifest.xml:48:13-90
45-->[com.google.android.gms:play-services-ads-lite:22.5.0] AndroidManifest.xml:48:21-87
46        </intent>
47
48        <package android:name="com.facebook.katana" />
48-->[com.facebook.android:audience-network-sdk:6.16.0] AndroidManifest.xml:12:9-55
48-->[com.facebook.android:audience-network-sdk:6.16.0] AndroidManifest.xml:12:18-52
49    </queries>
50
51    <uses-permission android:name="android.permission.ACCESS_ADSERVICES_AD_ID" />
51-->[com.google.android.gms:play-services-ads-lite:22.5.0] AndroidManifest.xml:27:5-82
51-->[com.google.android.gms:play-services-ads-lite:22.5.0] AndroidManifest.xml:27:22-79
52    <uses-permission android:name="android.permission.ACCESS_ADSERVICES_ATTRIBUTION" />
52-->[com.google.android.gms:play-services-ads-lite:22.5.0] AndroidManifest.xml:28:5-88
52-->[com.google.android.gms:play-services-ads-lite:22.5.0] AndroidManifest.xml:28:22-85
53    <uses-permission android:name="android.permission.ACCESS_ADSERVICES_TOPICS" />
53-->[com.google.android.gms:play-services-ads-lite:22.5.0] AndroidManifest.xml:29:5-83
53-->[com.google.android.gms:play-services-ads-lite:22.5.0] AndroidManifest.xml:29:22-80
54    <uses-permission android:name="com.google.android.finsky.permission.BIND_GET_INSTALL_REFERRER_SERVICE" />
54-->[com.google.android.gms:play-services-measurement:21.2.2] AndroidManifest.xml:26:5-110
54-->[com.google.android.gms:play-services-measurement:21.2.2] AndroidManifest.xml:26:22-107
55    <uses-permission android:name="android.permission.FOREGROUND_SERVICE" />
55-->[androidx.work:work-runtime:2.7.0] AndroidManifest.xml:28:5-77
55-->[androidx.work:work-runtime:2.7.0] AndroidManifest.xml:28:22-74
56
57    <permission
57-->[androidx.core:core:1.9.0] AndroidManifest.xml:22:5-24:47
58        android:name="com.app.thecity.DYNAMIC_RECEIVER_NOT_EXPORTED_PERMISSION"
58-->[androidx.core:core:1.9.0] AndroidManifest.xml:23:9-81
59        android:protectionLevel="signature" />
59-->[androidx.core:core:1.9.0] AndroidManifest.xml:24:9-44
60
61    <uses-permission android:name="com.app.thecity.DYNAMIC_RECEIVER_NOT_EXPORTED_PERMISSION" />
61-->[androidx.core:core:1.9.0] AndroidManifest.xml:26:5-97
61-->[androidx.core:core:1.9.0] AndroidManifest.xml:26:22-94
62
63    <application
63-->src\main\AndroidManifest.xml:18:5-100:19
64        android:name="app.thecity.data.ThisApplication"
64-->src\main\AndroidManifest.xml:19:9-56
65        android:allowBackup="true"
65-->src\main\AndroidManifest.xml:20:9-35
66        android:appComponentFactory="androidx.core.app.CoreComponentFactory"
66-->[androidx.core:core:1.9.0] AndroidManifest.xml:28:18-86
67        android:debuggable="true"
68        android:icon="@mipmap/ic_launcher"
68-->src\main\AndroidManifest.xml:21:9-43
69        android:label="@string/app_name"
69-->src\main\AndroidManifest.xml:22:9-41
70        android:largeHeap="true"
70-->src\main\AndroidManifest.xml:23:9-33
71        android:supportsRtl="true"
71-->src\main\AndroidManifest.xml:24:9-35
72        android:testOnly="true"
73        android:theme="@style/AppTheme"
73-->src\main\AndroidManifest.xml:25:9-40
74        android:usesCleartextTraffic="true" >
74-->src\main\AndroidManifest.xml:26:9-44
75        <uses-library
75-->src\main\AndroidManifest.xml:28:9-30:40
76            android:name="org.apache.http.legacy"
76-->src\main\AndroidManifest.xml:29:13-50
77            android:required="false" />
77-->src\main\AndroidManifest.xml:30:13-37
78
79        <activity
79-->src\main\AndroidManifest.xml:32:9-40:20
80            android:name="app.thecity.activity.ActivitySplash"
80-->src\main\AndroidManifest.xml:33:13-63
81            android:exported="true" >
81-->src\main\AndroidManifest.xml:34:13-36
82            <intent-filter>
82-->src\main\AndroidManifest.xml:35:13-39:29
83                <action android:name="android.intent.action.MAIN" />
83-->src\main\AndroidManifest.xml:36:17-69
83-->src\main\AndroidManifest.xml:36:25-66
84
85                <category android:name="android.intent.category.LAUNCHER" />
85-->src\main\AndroidManifest.xml:38:17-77
85-->src\main\AndroidManifest.xml:38:27-74
86            </intent-filter>
87        </activity>
88        <activity
88-->src\main\AndroidManifest.xml:41:9-44:48
89            android:name="app.thecity.activity.ActivityMain"
89-->src\main\AndroidManifest.xml:42:13-61
90            android:exported="false"
90-->src\main\AndroidManifest.xml:43:13-37
91            android:label="@string/app_name" />
91-->src\main\AndroidManifest.xml:44:13-45
92        <activity
92-->src\main\AndroidManifest.xml:45:9-49:54
93            android:name="app.thecity.activity.ActivitySetting"
93-->src\main\AndroidManifest.xml:46:13-64
94            android:exported="false"
94-->src\main\AndroidManifest.xml:47:13-37
95            android:label="@string/activity_title_settings"
95-->src\main\AndroidManifest.xml:48:13-60
96            android:theme="@style/AppThemeSetting" />
96-->src\main\AndroidManifest.xml:49:13-51
97        <activity
97-->src\main\AndroidManifest.xml:50:9-53:59
98            android:name="app.thecity.activity.ActivityMaps"
98-->src\main\AndroidManifest.xml:51:13-61
99            android:exported="false"
99-->src\main\AndroidManifest.xml:52:13-37
100            android:label="@string/activity_title_maps" />
100-->src\main\AndroidManifest.xml:53:13-56
101        <activity
101-->src\main\AndroidManifest.xml:55:9-57:40
102            android:name="app.thecity.activity.ActivityPlaceDetail"
102-->src\main\AndroidManifest.xml:56:13-68
103            android:exported="false" />
103-->src\main\AndroidManifest.xml:57:13-37
104        <activity
104-->src\main\AndroidManifest.xml:58:9-60:40
105            android:name="app.thecity.activity.ActivityFullScreenImage"
105-->src\main\AndroidManifest.xml:59:13-72
106            android:exported="false" />
106-->src\main\AndroidManifest.xml:60:13-37
107        <activity
107-->src\main\AndroidManifest.xml:61:9-63:40
108            android:name="app.thecity.activity.ActivitySearch"
108-->src\main\AndroidManifest.xml:62:13-63
109            android:exported="false" />
109-->src\main\AndroidManifest.xml:63:13-37
110        <activity
110-->src\main\AndroidManifest.xml:64:9-66:40
111            android:name="app.thecity.activity.ActivityNewsInfo"
111-->src\main\AndroidManifest.xml:65:13-65
112            android:exported="false" />
112-->src\main\AndroidManifest.xml:66:13-37
113        <activity
113-->src\main\AndroidManifest.xml:67:9-69:40
114            android:name="app.thecity.activity.ActivityNewsInfoDetails"
114-->src\main\AndroidManifest.xml:68:13-72
115            android:exported="false" />
115-->src\main\AndroidManifest.xml:69:13-37
116
117        <!-- This meta-data tag is required to use Google Play Services. -->
118        <meta-data
118-->src\main\AndroidManifest.xml:72:9-74:69
119            android:name="com.google.android.gms.version"
119-->src\main\AndroidManifest.xml:73:13-58
120            android:value="@integer/google_play_services_version" />
120-->src\main\AndroidManifest.xml:74:13-66
121
122        <!-- Add Google Map Library -->
123        <uses-library android:name="com.google.android.maps" />
123-->src\main\AndroidManifest.xml:77:9-64
123-->src\main\AndroidManifest.xml:77:23-61
124
125        <!-- Google API Key -->
126        <meta-data
126-->src\main\AndroidManifest.xml:80:9-82:58
127            android:name="com.google.android.maps.v2.API_KEY"
127-->src\main\AndroidManifest.xml:81:13-62
128            android:value="@string/GOOGLE_MAP_API_KEY" />
128-->src\main\AndroidManifest.xml:82:13-55
129
130        <service
130-->src\main\AndroidManifest.xml:84:9-90:19
131            android:name="app.thecity.fcm.FcmMessagingService"
131-->src\main\AndroidManifest.xml:85:13-63
132            android:exported="false" >
132-->src\main\AndroidManifest.xml:86:13-37
133            <intent-filter>
133-->src\main\AndroidManifest.xml:87:13-89:29
134                <action android:name="com.google.firebase.MESSAGING_EVENT" />
134-->src\main\AndroidManifest.xml:88:17-78
134-->src\main\AndroidManifest.xml:88:25-75
135            </intent-filter>
136        </service>
137
138        <meta-data
138-->src\main\AndroidManifest.xml:92:9-94:71
139            android:name="com.google.firebase.messaging.default_notification_channel_id"
139-->src\main\AndroidManifest.xml:93:13-89
140            android:value="@string/default_notification_channel_id" />
140-->src\main\AndroidManifest.xml:94:13-68
141        <meta-data
141-->src\main\AndroidManifest.xml:96:9-98:52
142            android:name="com.google.android.gms.ads.APPLICATION_ID"
142-->src\main\AndroidManifest.xml:97:13-69
143            android:value="@string/admob_app_id" />
143-->src\main\AndroidManifest.xml:98:13-49
144
145        <activity
145-->[com.github.dream-space:dreamspace-ads-sdk:3.0.1-custom] AndroidManifest.xml:24:9-26:125
146            android:name="com.google.android.gms.ads.AdActivity"
146-->[com.github.dream-space:dreamspace-ads-sdk:3.0.1-custom] AndroidManifest.xml:25:13-65
147            android:configChanges="keyboard|keyboardHidden|orientation|screenLayout|uiMode|screenSize|smallestScreenSize"
147-->[com.github.dream-space:dreamspace-ads-sdk:3.0.1-custom] AndroidManifest.xml:26:13-122
148            android:exported="false"
148-->[com.google.android.gms:play-services-ads-lite:22.5.0] AndroidManifest.xml:59:13-37
149            android:theme="@android:style/Theme.Translucent" />
149-->[com.google.android.gms:play-services-ads-lite:22.5.0] AndroidManifest.xml:60:13-61
150        <activity
150-->[com.github.dream-space:dreamspace-ads-sdk:3.0.1-custom] AndroidManifest.xml:27:9-30:50
151            android:name="com.ironsource.sdk.controller.ControllerActivity"
151-->[com.github.dream-space:dreamspace-ads-sdk:3.0.1-custom] AndroidManifest.xml:28:13-76
152            android:configChanges="orientation|screenSize"
152-->[com.github.dream-space:dreamspace-ads-sdk:3.0.1-custom] AndroidManifest.xml:29:13-59
153            android:hardwareAccelerated="true" />
153-->[com.github.dream-space:dreamspace-ads-sdk:3.0.1-custom] AndroidManifest.xml:30:13-47
154        <activity
154-->[com.github.dream-space:dreamspace-ads-sdk:3.0.1-custom] AndroidManifest.xml:31:9-35:64
155            android:name="com.ironsource.sdk.controller.InterstitialActivity"
155-->[com.github.dream-space:dreamspace-ads-sdk:3.0.1-custom] AndroidManifest.xml:32:13-78
156            android:configChanges="orientation|screenSize"
156-->[com.github.dream-space:dreamspace-ads-sdk:3.0.1-custom] AndroidManifest.xml:33:13-59
157            android:hardwareAccelerated="true"
157-->[com.github.dream-space:dreamspace-ads-sdk:3.0.1-custom] AndroidManifest.xml:34:13-47
158            android:theme="@android:style/Theme.Translucent" />
158-->[com.github.dream-space:dreamspace-ads-sdk:3.0.1-custom] AndroidManifest.xml:35:13-61
159        <activity
159-->[com.github.dream-space:dreamspace-ads-sdk:3.0.1-custom] AndroidManifest.xml:36:9-40:64
160            android:name="com.ironsource.sdk.controller.OpenUrlActivity"
160-->[com.github.dream-space:dreamspace-ads-sdk:3.0.1-custom] AndroidManifest.xml:37:13-73
161            android:configChanges="orientation|screenSize"
161-->[com.github.dream-space:dreamspace-ads-sdk:3.0.1-custom] AndroidManifest.xml:38:13-59
162            android:hardwareAccelerated="true"
162-->[com.github.dream-space:dreamspace-ads-sdk:3.0.1-custom] AndroidManifest.xml:39:13-47
163            android:theme="@android:style/Theme.Translucent" />
163-->[com.github.dream-space:dreamspace-ads-sdk:3.0.1-custom] AndroidManifest.xml:40:13-61
164
165        <provider
165-->[com.github.dream-space:dreamspace-ads-sdk:3.0.1-custom] AndroidManifest.xml:42:9-45:40
166            android:name="com.ironsource.lifecycle.IronsourceLifecycleProvider"
166-->[com.github.dream-space:dreamspace-ads-sdk:3.0.1-custom] AndroidManifest.xml:43:13-80
167            android:authorities="com.app.thecity.IronsourceLifecycleProvider"
167-->[com.github.dream-space:dreamspace-ads-sdk:3.0.1-custom] AndroidManifest.xml:44:13-79
168            android:exported="false" />
168-->[com.github.dream-space:dreamspace-ads-sdk:3.0.1-custom] AndroidManifest.xml:45:13-37
169
170        <receiver
170-->[com.google.firebase:firebase-messaging:23.1.2] AndroidManifest.xml:31:9-38:20
171            android:name="com.google.firebase.iid.FirebaseInstanceIdReceiver"
171-->[com.google.firebase:firebase-messaging:23.1.2] AndroidManifest.xml:32:13-78
172            android:exported="true"
172-->[com.google.firebase:firebase-messaging:23.1.2] AndroidManifest.xml:33:13-36
173            android:permission="com.google.android.c2dm.permission.SEND" >
173-->[com.google.firebase:firebase-messaging:23.1.2] AndroidManifest.xml:34:13-73
174            <intent-filter>
174-->[com.google.firebase:firebase-messaging:23.1.2] AndroidManifest.xml:35:13-37:29
175                <action android:name="com.google.android.c2dm.intent.RECEIVE" />
175-->[com.google.firebase:firebase-messaging:23.1.2] AndroidManifest.xml:36:17-81
175-->[com.google.firebase:firebase-messaging:23.1.2] AndroidManifest.xml:36:25-78
176            </intent-filter>
177        </receiver>
178        <!--
179             FirebaseMessagingService performs security checks at runtime,
180             but set to not exported to explicitly avoid allowing another app to call it.
181        -->
182        <service
182-->[com.google.firebase:firebase-messaging:23.1.2] AndroidManifest.xml:44:9-51:19
183            android:name="com.google.firebase.messaging.FirebaseMessagingService"
183-->[com.google.firebase:firebase-messaging:23.1.2] AndroidManifest.xml:45:13-82
184            android:directBootAware="true"
184-->[com.google.firebase:firebase-messaging:23.1.2] AndroidManifest.xml:46:13-43
185            android:exported="false" >
185-->[com.google.firebase:firebase-messaging:23.1.2] AndroidManifest.xml:47:13-37
186            <intent-filter android:priority="-500" >
186-->src\main\AndroidManifest.xml:87:13-89:29
187                <action android:name="com.google.firebase.MESSAGING_EVENT" />
187-->src\main\AndroidManifest.xml:88:17-78
187-->src\main\AndroidManifest.xml:88:25-75
188            </intent-filter>
189        </service>
190        <service
190-->[com.google.firebase:firebase-messaging:23.1.2] AndroidManifest.xml:52:9-58:19
191            android:name="com.google.firebase.components.ComponentDiscoveryService"
191-->[com.google.firebase:firebase-messaging:23.1.2] AndroidManifest.xml:53:13-84
192            android:directBootAware="true"
192-->[com.google.firebase:firebase-common:20.3.2] AndroidManifest.xml:34:13-43
193            android:exported="false" >
193-->[com.google.firebase:firebase-messaging:23.1.2] AndroidManifest.xml:54:13-37
194            <meta-data
194-->[com.google.firebase:firebase-messaging:23.1.2] AndroidManifest.xml:55:13-57:85
195                android:name="com.google.firebase.components:com.google.firebase.messaging.FirebaseMessagingRegistrar"
195-->[com.google.firebase:firebase-messaging:23.1.2] AndroidManifest.xml:56:17-119
196                android:value="com.google.firebase.components.ComponentRegistrar" />
196-->[com.google.firebase:firebase-messaging:23.1.2] AndroidManifest.xml:57:17-82
197            <meta-data
197-->[com.google.firebase:firebase-config:21.4.0] AndroidManifest.xml:31:13-33:85
198                android:name="com.google.firebase.components:com.google.firebase.remoteconfig.RemoteConfigRegistrar"
198-->[com.google.firebase:firebase-config:21.4.0] AndroidManifest.xml:32:17-117
199                android:value="com.google.firebase.components.ComponentRegistrar" />
199-->[com.google.firebase:firebase-config:21.4.0] AndroidManifest.xml:33:17-82
200            <meta-data
200-->[com.google.firebase:firebase-datatransport:18.1.7] AndroidManifest.xml:27:13-29:85
201                android:name="com.google.firebase.components:com.google.firebase.datatransport.TransportRegistrar"
201-->[com.google.firebase:firebase-datatransport:18.1.7] AndroidManifest.xml:28:17-115
202                android:value="com.google.firebase.components.ComponentRegistrar" />
202-->[com.google.firebase:firebase-datatransport:18.1.7] AndroidManifest.xml:29:17-82
203            <meta-data
203-->[com.google.android.gms:play-services-measurement-api:21.2.2] AndroidManifest.xml:31:13-33:85
204                android:name="com.google.firebase.components:com.google.firebase.analytics.connector.internal.AnalyticsConnectorRegistrar"
204-->[com.google.android.gms:play-services-measurement-api:21.2.2] AndroidManifest.xml:32:17-139
205                android:value="com.google.firebase.components.ComponentRegistrar" />
205-->[com.google.android.gms:play-services-measurement-api:21.2.2] AndroidManifest.xml:33:17-82
206            <meta-data
206-->[com.google.firebase:firebase-abt:21.1.1] AndroidManifest.xml:12:13-14:85
207                android:name="com.google.firebase.components:com.google.firebase.abt.component.AbtRegistrar"
207-->[com.google.firebase:firebase-abt:21.1.1] AndroidManifest.xml:13:17-109
208                android:value="com.google.firebase.components.ComponentRegistrar" />
208-->[com.google.firebase:firebase-abt:21.1.1] AndroidManifest.xml:14:17-82
209            <meta-data
209-->[com.google.firebase:firebase-installations:17.1.3] AndroidManifest.xml:17:13-19:85
210                android:name="com.google.firebase.components:com.google.firebase.installations.FirebaseInstallationsRegistrar"
210-->[com.google.firebase:firebase-installations:17.1.3] AndroidManifest.xml:18:17-127
211                android:value="com.google.firebase.components.ComponentRegistrar" />
211-->[com.google.firebase:firebase-installations:17.1.3] AndroidManifest.xml:19:17-82
212        </service>
213        <service
213-->[com.google.android.datatransport:transport-backend-cct:3.1.8] AndroidManifest.xml:28:9-34:19
214            android:name="com.google.android.datatransport.runtime.backends.TransportBackendDiscovery"
214-->[com.google.android.datatransport:transport-backend-cct:3.1.8] AndroidManifest.xml:29:13-103
215            android:exported="false" >
215-->[com.google.android.datatransport:transport-backend-cct:3.1.8] AndroidManifest.xml:30:13-37
216            <meta-data
216-->[com.google.android.datatransport:transport-backend-cct:3.1.8] AndroidManifest.xml:31:13-33:39
217                android:name="backend:com.google.android.datatransport.cct.CctBackendFactory"
217-->[com.google.android.datatransport:transport-backend-cct:3.1.8] AndroidManifest.xml:32:17-94
218                android:value="cct" />
218-->[com.google.android.datatransport:transport-backend-cct:3.1.8] AndroidManifest.xml:33:17-36
219        </service>
220        <service
220-->[com.google.android.datatransport:transport-runtime:3.1.8] AndroidManifest.xml:26:9-30:19
221            android:name="com.google.android.datatransport.runtime.scheduling.jobscheduling.JobInfoSchedulerService"
221-->[com.google.android.datatransport:transport-runtime:3.1.8] AndroidManifest.xml:27:13-117
222            android:exported="false"
222-->[com.google.android.datatransport:transport-runtime:3.1.8] AndroidManifest.xml:28:13-37
223            android:permission="android.permission.BIND_JOB_SERVICE" >
223-->[com.google.android.datatransport:transport-runtime:3.1.8] AndroidManifest.xml:29:13-69
224        </service>
225
226        <receiver
226-->[com.google.android.datatransport:transport-runtime:3.1.8] AndroidManifest.xml:32:9-34:40
227            android:name="com.google.android.datatransport.runtime.scheduling.jobscheduling.AlarmManagerSchedulerBroadcastReceiver"
227-->[com.google.android.datatransport:transport-runtime:3.1.8] AndroidManifest.xml:33:13-132
228            android:exported="false" />
228-->[com.google.android.datatransport:transport-runtime:3.1.8] AndroidManifest.xml:34:13-37
229
230        <provider
230-->[com.google.firebase:firebase-common:20.3.2] AndroidManifest.xml:25:9-30:39
231            android:name="com.google.firebase.provider.FirebaseInitProvider"
231-->[com.google.firebase:firebase-common:20.3.2] AndroidManifest.xml:26:13-77
232            android:authorities="com.app.thecity.firebaseinitprovider"
232-->[com.google.firebase:firebase-common:20.3.2] AndroidManifest.xml:27:13-72
233            android:directBootAware="true"
233-->[com.google.firebase:firebase-common:20.3.2] AndroidManifest.xml:28:13-43
234            android:exported="false"
234-->[com.google.firebase:firebase-common:20.3.2] AndroidManifest.xml:29:13-37
235            android:initOrder="100" />
235-->[com.google.firebase:firebase-common:20.3.2] AndroidManifest.xml:30:13-36
236
237        <activity
237-->[com.google.android.gms:play-services-base:18.1.0] AndroidManifest.xml:20:9-22:45
238            android:name="com.google.android.gms.common.api.GoogleApiActivity"
238-->[com.google.android.gms:play-services-base:18.1.0] AndroidManifest.xml:20:19-85
239            android:exported="false"
239-->[com.google.android.gms:play-services-base:18.1.0] AndroidManifest.xml:22:19-43
240            android:theme="@android:style/Theme.Translucent.NoTitleBar" />
240-->[com.google.android.gms:play-services-base:18.1.0] AndroidManifest.xml:21:19-78
241
242        <provider
242-->[com.google.android.gms:play-services-ads-lite:22.5.0] AndroidManifest.xml:63:9-68:43
243            android:name="com.google.android.gms.ads.MobileAdsInitProvider"
243-->[com.google.android.gms:play-services-ads-lite:22.5.0] AndroidManifest.xml:64:13-76
244            android:authorities="com.app.thecity.mobileadsinitprovider"
244-->[com.google.android.gms:play-services-ads-lite:22.5.0] AndroidManifest.xml:65:13-73
245            android:exported="false"
245-->[com.google.android.gms:play-services-ads-lite:22.5.0] AndroidManifest.xml:66:13-37
246            android:initOrder="100" />
246-->[com.google.android.gms:play-services-ads-lite:22.5.0] AndroidManifest.xml:67:13-36
247
248        <service
248-->[com.google.android.gms:play-services-ads-lite:22.5.0] AndroidManifest.xml:70:9-74:43
249            android:name="com.google.android.gms.ads.AdService"
249-->[com.google.android.gms:play-services-ads-lite:22.5.0] AndroidManifest.xml:71:13-64
250            android:enabled="true"
250-->[com.google.android.gms:play-services-ads-lite:22.5.0] AndroidManifest.xml:72:13-35
251            android:exported="false" />
251-->[com.google.android.gms:play-services-ads-lite:22.5.0] AndroidManifest.xml:73:13-37
252
253        <activity
253-->[com.google.android.gms:play-services-ads-lite:22.5.0] AndroidManifest.xml:76:9-80:43
254            android:name="com.google.android.gms.ads.OutOfContextTestingActivity"
254-->[com.google.android.gms:play-services-ads-lite:22.5.0] AndroidManifest.xml:77:13-82
255            android:configChanges="keyboard|keyboardHidden|orientation|screenLayout|uiMode|screenSize|smallestScreenSize"
255-->[com.google.android.gms:play-services-ads-lite:22.5.0] AndroidManifest.xml:78:13-122
256            android:exported="false" />
256-->[com.google.android.gms:play-services-ads-lite:22.5.0] AndroidManifest.xml:79:13-37
257
258        <property
258-->[com.google.android.gms:play-services-ads-lite:22.5.0] AndroidManifest.xml:82:9-84:62
259            android:name="android.adservices.AD_SERVICES_CONFIG"
259-->[com.google.android.gms:play-services-ads-lite:22.5.0] AndroidManifest.xml:83:13-65
260            android:resource="@xml/gma_ad_services_config" />
260-->[com.google.android.gms:play-services-ads-lite:22.5.0] AndroidManifest.xml:84:13-59
261
262        <receiver
262-->[com.google.android.gms:play-services-measurement:21.2.2] AndroidManifest.xml:29:9-33:20
263            android:name="com.google.android.gms.measurement.AppMeasurementReceiver"
263-->[com.google.android.gms:play-services-measurement:21.2.2] AndroidManifest.xml:30:13-85
264            android:enabled="true"
264-->[com.google.android.gms:play-services-measurement:21.2.2] AndroidManifest.xml:31:13-35
265            android:exported="false" >
265-->[com.google.android.gms:play-services-measurement:21.2.2] AndroidManifest.xml:32:13-37
266        </receiver>
267
268        <service
268-->[com.google.android.gms:play-services-measurement:21.2.2] AndroidManifest.xml:35:9-38:40
269            android:name="com.google.android.gms.measurement.AppMeasurementService"
269-->[com.google.android.gms:play-services-measurement:21.2.2] AndroidManifest.xml:36:13-84
270            android:enabled="true"
270-->[com.google.android.gms:play-services-measurement:21.2.2] AndroidManifest.xml:37:13-35
271            android:exported="false" />
271-->[com.google.android.gms:play-services-measurement:21.2.2] AndroidManifest.xml:38:13-37
272        <service
272-->[com.google.android.gms:play-services-measurement:21.2.2] AndroidManifest.xml:39:9-43:72
273            android:name="com.google.android.gms.measurement.AppMeasurementJobService"
273-->[com.google.android.gms:play-services-measurement:21.2.2] AndroidManifest.xml:40:13-87
274            android:enabled="true"
274-->[com.google.android.gms:play-services-measurement:21.2.2] AndroidManifest.xml:41:13-35
275            android:exported="false"